<?xml version="1.0" encoding="UTF-8"?>
<!-- Generated by org.testng.reporters.JUnitXMLReporter -->
<testsuite ignored="0" hostname="ENCDXPAHDLT0091" failures="1" tests="3" name="Test" time="29.123" errors="0" timestamp="2022-09-17T15:37:18 IST">
  <testcase classname="testcases.SimpliLearnLoginTest" name="Test3" time="0.006">
    <failure type="java.lang.NullPointerException" message="Cannot invoke &amp;quot;org.apache.poi.xssf.usermodel.XSSFRow.getCell(int)&amp;quot; because the return value of &amp;quot;org.apache.poi.xssf.usermodel.XSSFSheet.getRow(int)&amp;quot; is null">
      <![CDATA[java.lang.NullPointerException: Cannot invoke "org.apache.poi.xssf.usermodel.XSSFRow.getCell(int)" because the return value of "org.apache.poi.xssf.usermodel.XSSFSheet.getRow(int)" is null
at testcases.SimpliLearnLoginTest.Test3(SimpliLearnLoginTest.java:55)
at java.base/java.util.ArrayList.forEach(ArrayList.java:1511)
... Removed 27 stack frames]]>
    </failure>
  </testcase> <!-- Test3 -->
  <testcase classname="testcases.SimpliLearnLoginTest" name="Test1" time="7.976"/>
  <testcase classname="testcases.SimpliLearnLoginTest" name="Test2" time="7.81"/>
</testsuite> <!-- Test -->
